<?xml version="1.0" encoding="utf-8"?><testsuites><testsuite name="pytest" errors="0" failures="0" skipped="0" tests="8" time="17.285" timestamp="2024-10-25T16:25:07.444964+05:30" hostname="5410-TI12897"><testcase classname="test_Home.TestHome" name="test_verifyFormFillingWithHardCode" time="3.985" /><testcase classname="test_Home.TestHome" name="test_verifyFormFillingWithTuple[getDataInListAndTuple0]" time="0.359" /><testcase classname="test_Home.TestHome" name="test_verifyFormFillingWithTuple[getDataInListAndTuple1]" time="0.425" /><testcase classname="test_Home.TestHome" name="test_verifyFormFillingWithDictionary[getDataInDictionary0]" time="0.443" /><testcase classname="test_Home.TestHome" name="test_verifyFormFillingWithDictionary[getDataInDictionary1]" time="0.550" /><testcase classname="test_Home.TestHome" name="test_verifyFormFillingWithDictionaryFromAnotherFile[getDataInDictionaryFromAnotherFile0]" time="0.535" /><testcase classname="test_Home.TestHome" name="test_verifyFormFillingWithDictionaryFromAnotherFile[getDataInDictionaryFromAnotherFile1]" time="0.798" /><testcase classname="test_e2e.TestOne" name="test_e2e" time="10.124" /></testsuite></testsuites>